============================= test session starts =============================
platform win32 -- Python 3.11.9, pytest-9.1.1, pluggy-1.6.0 -- C:\Projetos\Mercury-AI\.venv\Scripts\python.exe
cachedir: .pytest_cache
rootdir: C:\Projetos\Mercury-AI
plugins: anyio-4.14.2, timeout-2.4.0
timeout: 300.0s
timeout method: thread
timeout func_only: False
collecting ... collected 150 items

mercury_ai/analysis/tests/test_benchmark_framework.py::TestMercuryBenchmarkFramework::test_benchmark_framework_execution PASSED [  0%]
mercury_ai/analysis/tests/test_benchmark_framework.py::TestMercuryBenchmarkFramework::test_enhanced_report_fields PASSED [  1%]
mercury_ai/analysis/tests/test_benchmark_framework.py::TestMercuryBenchmarkFramework::test_statistical_test_result PASSED [  2%]
mercury_ai/analysis/tests/test_benchmark_framework.py::TestMercuryBenchmarkFramework::test_buy_and_hold_baseline PASSED [  2%]
mercury_ai/analysis/tests/test_benchmark_framework.py::TestMercuryBenchmarkFramework::test_quick_benchmark_compatibility PASSED [  3%]
mercury_ai/analysis/tests/test_benchmark_framework.py::TestMercuryBenchmarkFramework::test_warm_cool_filter PASSED [  4%]
mercury_ai/analysis/tests/test_benchmark_framework.py::TestMercuryBenchmarkFramework::test_multiple_symbols PASSED [  4%]
mercury_ai/analysis/tests/test_candlestick_engine.py::test_candlestick_engine_doji PASSED [  5%]
mercury_ai/analysis/tests/test_candlestick_engine.py::test_candlestick_engine_insufficient_data PASSED [  6%]
mercury_ai/analysis/tests/test_fvg_engine.py::test_fvg_engine_bullish PASSED [  6%]
mercury_ai/analysis/tests/test_historical_replay_engine.py::TestHistoricalReplayEngineConstructor::test_default_cache PASSED [  7%]
mercury_ai/analysis/tests/test_historical_replay_engine.py::TestHistoricalReplayEngineConstructor::test_custom_cache PASSED [  8%]
mercury_ai/analysis/tests/test_historical_replay_engine.py::TestHistoricalReplayEngineConstructor::test_replay_stats_initial PASSED [  8%]
mercury_ai/analysis/tests/test_historical_replay_engine.py::TestHistoricalReplayEngineBasic::test_run_replay_returns_list PASSED [  9%]
mercury_ai/analysis/tests/test_historical_replay_engine.py::TestHistoricalReplayEngineBasic::test_run_replay_returns_replay_metrics PASSED [ 10%]
mercury_ai/analysis/tests/test_historical_replay_engine.py::TestHistoricalReplayEngineBasic::test_run_replay_insufficient_data_returns_empty PASSED [ 10%]
mercury_ai/analysis/tests/test_historical_replay_engine.py::TestHistoricalReplayEngineBasic::test_run_replay_empty_dataframe PASSED [ 11%]
mercury_ai/analysis/tests/test_historical_replay_engine.py::TestHistoricalReplayEngineBasic::test_run_replay_updates_stats PASSED [ 12%]
mercury_ai/analysis/tests/test_historical_replay_engine.py::TestReplayCacheIntegration::test_cache_populated_after_run PASSED [ 12%]
mercury_ai/analysis/tests/test_historical_replay_engine.py::TestReplayCacheIntegration::test_second_run_uses_cache PASSED [ 13%]
mercury_ai/analysis/tests/test_historical_replay_engine.py::TestReplayCacheIntegration::test_different_symbols_separate_cache PASSED [ 14%]
mercury_ai/analysis/tests/test_historical_replay_engine.py::TestSilentMode::test_silent_mode_no_output PASSED [ 14%]
mercury_ai/analysis/tests/test_historical_replay_engine.py::TestSilentMode::test_verbose_mode_has_output PASSED [ 15%]
mercury_ai/analysis/tests/test_historical_replay_engine.py::TestReplayEdgeCases::test_n_candles_large PASSED [ 16%]
mercury_ai/analysis/tests/test_historical_replay_engine.py::TestReplayEdgeCases::test_replay_stats_after_insufficient_data PASSED [ 16%]
mercury_ai/analysis/tests/test_historical_replay_engine.py::TestReplayEdgeCases::test_metrics_have_expected_fields PASSED [ 17%]
mercury_ai/analysis/tests/test_market_regime_engine.py::test_market_regime_compression PASSED [ 18%]
mercury_ai/analysis/tests/test_market_regime_engine.py::test_market_regime_strong_uptrend PASSED [ 18%]
mercury_ai/analysis/tests/test_market_structure_engine.py::test_ms_engine_bullish PASSED [ 19%]
mercury_ai/analysis/tests/test_market_structure_engine.py::test_ms_engine_bearish PASSED [ 20%]
mercury_ai/analysis/tests/test_momentum_engine.py::test_momentum_engine_rsi_oversold PASSED [ 20%]
mercury_ai/analysis/tests/test_price_action_engine.py::test_price_action_engine_engulfing PASSED [ 21%]
mercury_ai/analysis/tests/test_replay_batch_processor.py::TestBatchReplayResult::test_creation PASSED [ 22%]
mercury_ai/analysis/tests/test_replay_batch_processor.py::TestBatchReplayResult::test_frozen PASSED [ 22%]
mercury_ai/analysis/tests/test_replay_batch_processor.py::TestBatchReplayResult::test_with_error PASSED [ 23%]
mercury_ai/analysis/tests/test_replay_batch_processor.py::TestBatchReplayReport::test_creation PASSED [ 24%]
mercury_ai/analysis/tests/test_replay_batch_processor.py::TestBatchReplayReport::test_frozen PASSED [ 24%]
mercury_ai/analysis/tests/test_replay_batch_processor.py::TestReplayBatchProcessorBasic::test_constructor PASSED [ 25%]
mercury_ai/analysis/tests/test_replay_batch_processor.py::TestReplayBatchProcessorBasic::test_constructor_defaults PASSED [ 26%]
mercury_ai/analysis/tests/test_replay_batch_processor.py::TestReplayBatchProcessorBasic::test_run_batch_empty_data_map PASSED [ 26%]
mercury_ai/analysis/tests/test_replay_batch_processor.py::TestReplayBatchProcessorBasic::test_run_batch_single_symbol PASSED [ 27%]
mercury_ai/analysis/tests/test_replay_batch_processor.py::TestReplayBatchProcessorBasic::test_run_batch_multiple_symbols PASSED [ 28%]
mercury_ai/analysis/tests/test_replay_batch_processor.py::TestReplayBatchProcessorBasic::test_run_batch_all_success_no_errors PASSED [ 28%]
mercury_ai/analysis/tests/test_replay_batch_processor.py::TestBatchProcessorErrorHandling::test_symbol_error_is_captured PASSED [ 29%]
mercury_ai/analysis/tests/test_replay_batch_processor.py::TestBatchProcessorErrorHandling::test_partial_failure_mixed_results PASSED [ 30%]
mercury_ai/analysis/tests/test_replay_batch_processor.py::TestCacheAggregation::test_aggregate_cache_stats_present PASSED [ 30%]
mercury_ai/analysis/tests/test_replay_batch_processor.py::TestCacheAggregation::test_successful_and_failed_counts PASSED [ 31%]
mercury_ai/analysis/tests/test_replay_batch_processor.py::TestCacheAggregation::test_total_wall_time PASSED [ 32%]
mercury_ai/analysis/tests/test_replay_cache.py::TestReplayCacheBasic::test_put_and_get PASSED [ 32%]
mercury_ai/analysis/tests/test_replay_cache.py::TestReplayCacheBasic::test_get_miss_returns_none PASSED [ 33%]
mercury_ai/analysis/tests/test_replay_cache.py::TestReplayCacheBasic::test_contains PASSED [ 34%]
mercury_ai/analysis/tests/test_replay_cache.py::TestReplayCacheBasic::test_different_symbols_same_index PASSED [ 34%]
mercury_ai/analysis/tests/test_replay_cache.py::TestReplayCacheBasic::test_same_symbol_different_index PASSED [ 35%]
mercury_ai/analysis/tests/test_replay_cache.py::TestReplayCacheBasic::test_overwrite_existing_key PASSED [ 36%]
mercury_ai/analysis/tests/test_replay_cache.py::TestReplayCacheLRU::test_evicts_oldest_when_full PASSED [ 36%]
mercury_ai/analysis/tests/test_replay_cache.py::TestReplayCacheLRU::test_get_refreshes_lru_order PASSED [ 37%]
mercury_ai/analysis/tests/test_replay_cache.py::TestReplayCacheLRU::test_put_refreshes_lru_order PASSED [ 38%]
mercury_ai/analysis/tests/test_replay_cache.py::TestReplayCacheLRU::test_maxsize_one PASSED [ 38%]
mercury_ai/analysis/tests/test_replay_cache.py::TestCacheStats::test_initial_stats PASSED [ 39%]
mercury_ai/analysis/tests/test_replay_cache.py::TestCacheStats::test_hit_rate PASSED [ 40%]
mercury_ai/analysis/tests/test_replay_cache.py::TestCacheStats::test_hit_rate_zero_requests PASSED [ 40%]
mercury_ai/analysis/tests/test_replay_cache.py::TestCacheStats::test_hit_rate_all_hits PASSED [ 41%]
mercury_ai/analysis/tests/test_replay_cache.py::TestCacheStats::test_clear_resets_stats PASSED [ 42%]
mercury_ai/analysis/tests/test_replay_cache.py::TestCacheStats::test_len PASSED [ 42%]
mercury_ai/analysis/tests/test_replay_cache.py::TestReplayCacheThreadSafety::test_concurrent_puts PASSED [ 43%]
mercury_ai/analysis/tests/test_replay_cache.py::TestReplayCacheThreadSafety::test_concurrent_gets_and_puts PASSED [ 44%]
mercury_ai/analysis/tests/test_replay_cache.py::TestReplayCacheEdgeCases::test_maxsize_zero_clamped_to_one PASSED [ 44%]
mercury_ai/analysis/tests/test_replay_cache.py::TestReplayCacheEdgeCases::test_negative_maxsize_clamped_to_one PASSED [ 45%]
mercury_ai/analysis/tests/test_replay_cache.py::TestReplayCacheEdgeCases::test_clear_empty_cache PASSED [ 46%]
mercury_ai/analysis/tests/test_replay_cache.py::TestReplayCacheEdgeCases::test_large_number_of_entries PASSED [ 46%]
mercury_ai/analysis/tests/test_risk_engine.py::TestVaRCVaR::test_var_cvar_with_normal_returns PASSED [ 47%]
mercury_ai/analysis/tests/test_risk_engine.py::TestVaRCVaR::test_var_cvar_with_positive_returns PASSED [ 48%]
mercury_ai/analysis/tests/test_risk_engine.py::TestVaRCVaR::test_var_cvar_with_negative_returns PASSED [ 48%]
mercury_ai/analysis/tests/test_risk_engine.py::TestVaRCVaR::test_var_cvar_empty_returns PASSED [ 49%]
mercury_ai/analysis/tests/test_risk_engine.py::TestVaRCVaR::test_var_cvar_insufficient_returns PASSED [ 50%]
mercury_ai/analysis/tests/test_risk_engine.py::TestVaRCVaR::test_var_cvar_zero_variance PASSED [ 50%]
mercury_ai/analysis/tests/test_risk_engine.py::TestVaRCVaR::test_var_cvar_single_outlier PASSED [ 51%]
mercury_ai/analysis/tests/test_risk_engine.py::TestKellyCriterion::test_kelly_default_params PASSED [ 52%]
mercury_ai/analysis/tests/test_risk_engine.py::TestKellyCriterion::test_kelly_high_win_rate PASSED [ 52%]
mercury_ai/analysis/tests/test_risk_engine.py::TestKellyCriterion::test_kelly_low_win_rate PASSED [ 53%]
mercury_ai/analysis/tests/test_risk_engine.py::TestKellyCriterion::test_kelly_breakeven PASSED [ 54%]
mercury_ai/analysis/tests/test_risk_engine.py::TestKellyCriterion::test_kelly_capped_at_max PASSED [ 54%]
mercury_ai/analysis/tests/test_risk_engine.py::TestKellyCriterion::test_kelly_zero_payoff PASSED [ 55%]
mercury_ai/analysis/tests/test_risk_engine.py::TestKellyCriterion::test_kelly_win_rate_clamped PASSED [ 56%]
mercury_ai/analysis/tests/test_risk_engine.py::TestKellyCriterion::test_kelly_negative_win_rate_clamped PASSED [ 56%]
mercury_ai/analysis/tests/test_risk_engine.py::TestCorrelationMatrix::test_correlation_two_assets_perfect_positive PASSED [ 57%]
mercury_ai/analysis/tests/test_risk_engine.py::TestCorrelationMatrix::test_correlation_two_assets_perfect_negative PASSED [ 58%]
mercury_ai/analysis/tests/test_risk_engine.py::TestCorrelationMatrix::test_correlation_three_assets PASSED [ 58%]
mercury_ai/analysis/tests/test_risk_engine.py::TestCorrelationMatrix::test_correlation_single_asset PASSED [ 59%]
mercury_ai/analysis/tests/test_risk_engine.py::TestCorrelationMatrix::test_correlation_empty_map PASSED [ 60%]
mercury_ai/analysis/tests/test_risk_engine.py::TestCorrelationMatrix::test_correlation_insufficient_data PASSED [ 60%]
mercury_ai/analysis/tests/test_risk_engine.py::TestCorrelationMatrix::test_correlation_unequal_lengths PASSED [ 61%]
mercury_ai/analysis/tests/test_risk_engine.py::TestPearsonCorrelation::test_perfect_positive PASSED [ 62%]
mercury_ai/analysis/tests/test_risk_engine.py::TestPearsonCorrelation::test_perfect_negative PASSED [ 62%]
mercury_ai/analysis/tests/test_risk_engine.py::TestPearsonCorrelation::test_no_correlation PASSED [ 63%]
mercury_ai/analysis/tests/test_risk_engine.py::TestPearsonCorrelation::test_constant_vector PASSED [ 64%]
mercury_ai/analysis/tests/test_risk_engine.py::TestPearsonCorrelation::test_single_element PASSED [ 64%]
mercury_ai/analysis/tests/test_risk_engine.py::TestStressTesting::test_stress_normal_volatility PASSED [ 65%]
mercury_ai/analysis/tests/test_risk_engine.py::TestStressTesting::test_stress_high_volatility PASSED [ 66%]
mercury_ai/analysis/tests/test_risk_engine.py::TestStressTesting::test_stress_low_volatility PASSED [ 66%]
mercury_ai/analysis/tests/test_risk_engine.py::TestStressTesting::test_stress_zero_volatility PASSED [ 67%]
mercury_ai/analysis/tests/test_risk_engine.py::TestStressTesting::test_stress_negative_volatility PASSED [ 68%]
mercury_ai/analysis/tests/test_risk_engine.py::TestStressTesting::test_stress_capped_at_80_percent PASSED [ 68%]
mercury_ai/analysis/tests/test_risk_engine.py::TestAssessIntegration::test_assess_basic PASSED [ 69%]
mercury_ai/analysis/tests/test_risk_engine.py::TestAssessIntegration::test_assess_with_historical_returns PASSED [ 70%]
mercury_ai/analysis/tests/test_risk_engine.py::TestAssessIntegration::test_assess_with_kelly_params PASSED [ 70%]
mercury_ai/analysis/tests/test_risk_engine.py::TestAssessIntegration::test_assess_with_correlation PASSED [ 71%]
mercury_ai/analysis/tests/test_risk_engine.py::TestAssessIntegration::test_assess_full PASSED [ 72%]
mercury_ai/analysis/tests/test_risk_engine.py::TestAssessIntegration::test_assess_bearish_trend PASSED [ 72%]
mercury_ai/analysis/tests/test_risk_engine.py::TestAssessIntegration::test_assess_risk_assessment_is_frozen PASSED [ 73%]
mercury_ai/analysis/tests/test_risk_engine.py::TestEdgeCases::test_assess_zero_atr PASSED [ 74%]
mercury_ai/analysis/tests/test_risk_engine.py::TestEdgeCases::test_assess_zero_price PASSED [ 74%]
mercury_ai/analysis/tests/test_risk_engine.py::TestEdgeCases::test_assess_no_volatility_evidence PASSED [ 75%]
mercury_ai/analysis/tests/test_risk_engine.py::TestEdgeCases::test_assess_empty_evidence_bundle PASSED [ 76%]
mercury_ai/analysis/tests/test_risk_engine.py::TestEdgeCases::test_kelly_extreme_values PASSED [ 76%]
mercury_ai/analysis/tests/test_risk_engine.py::TestEdgeCases::test_pearson_identical_vectors PASSED [ 77%]
mercury_ai/analysis/tests/test_trend_engine.py::test_trend_engine_bullish_structure PASSED [ 78%]
mercury_ai/analysis/tests/test_trend_engine.py::test_trend_engine_bearish_structure PASSED [ 78%]
mercury_ai/analysis/tests/test_volume_engine.py::test_volume_engine_spike PASSED [ 79%]
mercury_ai/analysis/tests/test_vwap_engine.py::test_vwap_engine_calculation PASSED [ 80%]
mercury_ai/analysis/smart_money/tests/test_liquidity_edge_cases.py::test_large_candidate_set PASSED [ 80%]
mercury_ai/analysis/smart_money/tests/test_liquidity_edge_cases.py::test_duplicate_timestamps_and_prices PASSED [ 81%]
mercury_ai/analysis/smart_money/tests/test_liquidity_edge_cases.py::test_extreme_atr_values PASSED [ 82%]
mercury_ai/analysis/smart_money/tests/test_liquidity_edge_cases.py::test_ordering_determinism PASSED [ 82%]
mercury_ai/analysis/smart_money/tests/test_liquidity_edge_cases.py::test_floating_point_precision PASSED [ 83%]
mercury_ai/analysis/smart_money/tests/test_liquidity_engine.py::test_group_builder_empty PASSED [ 84%]
mercury_ai/analysis/smart_money/tests/test_liquidity_engine.py::test_group_builder_single_group PASSED [ 84%]
mercury_ai/analysis/smart_money/tests/test_liquidity_engine.py::test_group_builder_multiple_groups PASSED [ 85%]
mercury_ai/analysis/smart_money/tests/test_liquidity_engine.py::test_group_builder_minimum_touches PASSED [ 86%]
mercury_ai/analysis/smart_money/tests/test_liquidity_engine.py::test_group_builder_maximum_touches PASSED [ 86%]
mercury_ai/analysis/smart_money/tests/test_liquidity_engine.py::test_group_builder_duplicate_swings PASSED [ 87%]
mercury_ai/analysis/smart_money/tests/test_liquidity_engine.py::test_group_builder_atr_tolerance PASSED [ 88%]
mercury_ai/analysis/smart_money/tests/test_liquidity_engine.py::test_group_builder_strength_filter PASSED [ 88%]
mercury_ai/analysis/smart_money/tests/test_liquidity_engine.py::test_group_builder_distance_filter PASSED [ 89%]
mercury_ai/analysis/smart_money/tests/test_liquidity_engine.py::test_metrics_builder_single_group PASSED [ 90%]
mercury_ai/analysis/smart_money/tests/test_liquidity_engine.py::test_score_builder_logic PASSED [ 90%]
mercury_ai/analysis/smart_money/tests/test_liquidity_engine.py::test_selector_empty_input PASSED [ 91%]
mercury_ai/analysis/smart_money/tests/test_liquidity_engine.py::test_selector_ordering_and_tie_breakers PASSED [ 92%]
mercury_ai/analysis/smart_money/tests/test_liquidity_engine.py::test_profile_builder_population PASSED [ 92%]
mercury_ai/analysis/smart_money/tests/test_liquidity_engine.py::test_evidence_builder_generation PASSED [ 93%]
mercury_ai/analysis/smart_money/tests/test_liquidity_engine.py::test_analyze_orchestrator_full PASSED [ 94%]
mercury_ai/analysis/smart_money/tests/test_liquidity_engine.py::test_determinism PASSED [ 94%]
mercury_ai/analysis/smart_money/tests/test_liquidity_stress.py::test_liquidity_engine_stress[clustered-1000] PASSED [ 95%]
mercury_ai/analysis/smart_money/tests/test_liquidity_stress.py::test_liquidity_engine_stress[clustered-5000] PASSED [ 96%]
mercury_ai/analysis/smart_money/tests/test_liquidity_stress.py::test_liquidity_engine_stress[high_vol-1000] PASSED [ 96%]
mercury_ai/analysis/smart_money/tests/test_liquidity_stress.py::test_liquidity_engine_stress[high_vol-5000] PASSED [ 97%]
mercury_ai/analysis/smart_money/tests/test_liquidity_stress.py::test_liquidity_engine_stress[identical_prices-1000] PASSED [ 98%]
mercury_ai/analysis/smart_money/tests/test_liquidity_stress.py::test_liquidity_engine_stress[identical_prices-5000] PASSED [ 98%]
mercury_ai/analysis/smart_money/tests/test_liquidity_stress.py::test_liquidity_engine_stress[identical_timestamps-1000] PASSED [ 99%]
mercury_ai/analysis/smart_money/tests/test_liquidity_stress.py::test_liquidity_engine_stress[identical_timestamps-5000] PASSED [100%]

======================= 150 passed in 986.12s (0:16:26) =======================
